<?xml version="1.0" encoding="utf-8"?><testsuites name="pytest tests"><testsuite name="pytest" errors="0" failures="0" skipped="0" tests="21" time="3.792" timestamp="2026-03-27T13:01:28.963312+00:00" hostname="agent-env-bd6566c4-7a86-4795-8532-1b8653415cf2"><testcase classname="backend.tests.test_auth_notifications.TestHealthCheck" name="test_api_root" time="0.178" /><testcase classname="backend.tests.test_auth_notifications.TestAuthentication" name="test_admin_login_success" time="0.112" /><testcase classname="backend.tests.test_auth_notifications.TestAuthentication" name="test_user_login_success" time="0.111" /><testcase classname="backend.tests.test_auth_notifications.TestAuthentication" name="test_login_invalid_credentials" time="0.123" /><testcase classname="backend.tests.test_auth_notifications.TestAuthentication" name="test_register_new_user" time="0.116" /><testcase classname="backend.tests.test_auth_notifications.TestAuthentication" name="test_register_duplicate_email" time="0.124" /><testcase classname="backend.tests.test_auth_notifications.TestAuthentication" name="test_get_current_user" time="0.241" /><testcase classname="backend.tests.test_auth_notifications.TestAuthentication" name="test_logout" time="0.209" /><testcase classname="backend.tests.test_auth_notifications.TestNotifications" name="test_get_notifications" time="0.208" /><testcase classname="backend.tests.test_auth_notifications.TestNotifications" name="test_get_notifications_count" time="0.225" /><testcase classname="backend.tests.test_auth_notifications.TestNotifications" name="test_mark_all_as_read" time="0.238" /><testcase classname="backend.tests.test_auth_notifications.TestNotifications" name="test_notifications_require_auth" time="0.119" /><testcase classname="backend.tests.test_auth_notifications.TestVacationApprovalNotifications" name="test_create_vacation_request" time="0.209" /><testcase classname="backend.tests.test_auth_notifications.TestVacationApprovalNotifications" name="test_admin_get_pending_vacations" time="0.208" /><testcase classname="backend.tests.test_auth_notifications.TestVacationApprovalNotifications" name="test_admin_get_all_vacations" time="0.224" /><testcase classname="backend.tests.test_auth_notifications.TestAdminUserManagement" name="test_admin_get_all_users" time="0.224" /><testcase classname="backend.tests.test_auth_notifications.TestAdminUserManagement" name="test_admin_get_pending_users" time="0.251" /><testcase classname="backend.tests.test_auth_notifications.TestAdminUserManagement" name="test_non_admin_cannot_access_admin_endpoints" time="0.232" /><testcase classname="backend.tests.test_auth_notifications.TestDashboardStats" name="test_get_dashboard_stats" time="0.124" /><testcase classname="backend.tests.test_auth_notifications.TestProtectedRoutes" name="test_my_vacaciones_requires_auth" time="0.102" /><testcase classname="backend.tests.test_auth_notifications.TestProtectedRoutes" name="test_my_resumen_requires_auth" time="0.126" /></testsuite></testsuites>