<?xml version="1.0" encoding="utf-8"?><testsuites name="pytest tests"><testsuite name="pytest" errors="0" failures="0" skipped="0" tests="13" time="1.641" timestamp="2026-01-15T08:18:35.346190+00:00" hostname="agent-env-9a6a9ed0-1f6d-4d3f-9ec8-963195d5a807"><testcase classname="tests.test_vacaciones_dias_libres.TestOperariosEndpoints" name="test_get_operarios" time="0.064" /><testcase classname="tests.test_vacaciones_dias_libres.TestOperariosEndpoints" name="test_operario_has_dias_libres_field" time="0.076" /><testcase classname="tests.test_vacaciones_dias_libres.TestOperariosEndpoints" name="test_create_operario_with_dias_libres" time="0.084" /><testcase classname="tests.test_vacaciones_dias_libres.TestOperariosEndpoints" name="test_update_operario_dias_vacaciones" time="0.148" /><testcase classname="tests.test_vacaciones_dias_libres.TestOperariosEndpoints" name="test_update_operario_dias_libres" time="0.138" /><testcase classname="tests.test_vacaciones_dias_libres.TestVacacionesResumen" name="test_resumen_returns_all_fields" time="0.041" /><testcase classname="tests.test_vacaciones_dias_libres.TestVacacionesResumen" name="test_resumen_calculates_restantes_correctly" time="0.039" /><testcase classname="tests.test_vacaciones_dias_libres.TestVacacionesCRUD" name="test_create_vacacion_tipo_vacacion" time="0.140" /><testcase classname="tests.test_vacaciones_dias_libres.TestVacacionesCRUD" name="test_create_vacacion_tipo_libre" time="0.138" /><testcase classname="tests.test_vacaciones_dias_libres.TestVacacionesCRUD" name="test_vacacion_increments_disfrutados" time="0.200" /><testcase classname="tests.test_vacaciones_dias_libres.TestVacacionesCRUD" name="test_libre_increments_dias_libres_disfrutados" time="0.214" /><testcase classname="tests.test_vacaciones_dias_libres.TestVacacionesCRUD" name="test_delete_vacacion_decrements_disfrutados" time="0.206" /><testcase classname="tests.test_vacaciones_dias_libres.TestVacacionesFiltering" name="test_get_vacaciones_by_month" time="0.033" /></testsuite></testsuites>